0 info it worked if it ends with ok
1 verbose cli [ '/usr/local/bin/node',
1 verbose cli   '/Users/Martial-One/.npm-packages/bin/npm',
1 verbose cli   'start' ]
2 info using npm@3.5.2
3 info using node@v5.9.0
4 verbose run-script [ 'prestart', 'start', 'poststart' ]
5 info lifecycle tic-tac-toe@1.0.0~prestart: tic-tac-toe@1.0.0
6 silly lifecycle tic-tac-toe@1.0.0~prestart: no script for prestart, continuing
7 info lifecycle tic-tac-toe@1.0.0~start: tic-tac-toe@1.0.0
8 verbose lifecycle tic-tac-toe@1.0.0~start: unsafe-perm in lifecycle true
9 verbose lifecycle tic-tac-toe@1.0.0~start: PATH: /Users/Martial-One/.npm-packages/lib/node_modules/npm/bin/node-gyp-bin:/Users/Martial-One/Desktop/Coding/tic-tac-toe/node_modules/.bin:/Users/Martial-One/Desktop/Coding/android-sdk-macosx/tools:/Users/Martial-One/Desktop/Coding/android-sdk-macosx/platform-tools:/Users/Martial-One/.npm-packages/bin:/Users/Martial-One/.npm-packages/bin:/usr/local/bin::/Users/Martial-One/.npm-packages/bin:/Users/Martial-One/.npm-packages/bin:/usr/local/bin::/Users/Martial-One/.npm-packages/bin:/Users/Martial-One/.npm-packages/bin:~/bin:/usr/local/bin:/usr/bin:/bin:/usr/sbin:/sbin:/usr/local/git/bin:/Users/Martial-One/dev/android-sdk-macosx/tools:/Users/Martial-One/dev/android-sdk-macosx/platform-tools:/Users/Martial-One/Users/Martial-One/Desktop/Coding/android-sdk-macosx/tools:/Users/Martial-One/Users/Martial-One/Desktop/Coding/android-sdk-macosx/platform-tools
10 verbose lifecycle tic-tac-toe@1.0.0~start: CWD: /Users/Martial-One/Desktop/Coding/tic-tac-toe
11 silly lifecycle tic-tac-toe@1.0.0~start: Args: [ '-c', 'babel-node --presets es2015 server.js' ]
12 silly lifecycle tic-tac-toe@1.0.0~start: Returned: code: 1  signal: null
13 info lifecycle tic-tac-toe@1.0.0~start: Failed to exec start script
14 verbose stack Error: tic-tac-toe@1.0.0 start: `babel-node --presets es2015 server.js`
14 verbose stack Exit status 1
14 verbose stack     at EventEmitter.<anonymous> (/Users/Martial-One/.npm-packages/lib/node_modules/npm/lib/utils/lifecycle.js:232:16)
14 verbose stack     at emitTwo (events.js:100:13)
14 verbose stack     at EventEmitter.emit (events.js:185:7)
14 verbose stack     at ChildProcess.<anonymous> (/Users/Martial-One/.npm-packages/lib/node_modules/npm/lib/utils/spawn.js:24:14)
14 verbose stack     at emitTwo (events.js:100:13)
14 verbose stack     at ChildProcess.emit (events.js:185:7)
14 verbose stack     at maybeClose (internal/child_process.js:850:16)
14 verbose stack     at Process.ChildProcess._handle.onexit (internal/child_process.js:215:5)
15 verbose pkgid tic-tac-toe@1.0.0
16 verbose cwd /Users/Martial-One/Desktop/Coding/tic-tac-toe
17 error Darwin 15.4.0
18 error argv "/usr/local/bin/node" "/Users/Martial-One/.npm-packages/bin/npm" "start"
19 error node v5.9.0
20 error npm  v3.5.2
21 error code ELIFECYCLE
22 error tic-tac-toe@1.0.0 start: `babel-node --presets es2015 server.js`
22 error Exit status 1
23 error Failed at the tic-tac-toe@1.0.0 start script 'babel-node --presets es2015 server.js'.
23 error Make sure you have the latest version of node.js and npm installed.
23 error If you do, this is most likely a problem with the tic-tac-toe package,
23 error not with npm itself.
23 error Tell the author that this fails on your system:
23 error     babel-node --presets es2015 server.js
23 error You can get information on how to open an issue for this project with:
23 error     npm bugs tic-tac-toe
23 error Or if that isn't available, you can get their info via:
23 error     npm owner ls tic-tac-toe
23 error There is likely additional logging output above.
24 verbose exit [ 1, true ]
